A1FF6C840BBD353B1114C5037EB87077CFE34429227093542DFA297B166845326B169CDCF0956BB05510CA1D97AB816D62F4AF666501141EA5E9FFDE91704DF70936CCA7D5265B7274A7FF2037C98A010B91F8165331A44D27737000D13AAEF0B93C95B4BB33A3B01576A84D1EEF4475B638C018E50DA4DD9EDDE41FBDD2057
5E819AA8B4F01858A46D37B06A933BB9C382402AE411A8919EB15F16360ABAD97D151638D836E0D6D3B3866BD87853F874D41EEDCCE3CA539EF60B6A03267D2E9D5FE0D01B33F8C12C14FB4CDAC42F31DBA88B91FD5489CF3CFC5FB306F6696BDD7C4395AAE6C39A5BF2A72332662F44963ED2E7AC5E09D49D878CD4FB8D0466
1B8D9FEB83BC75BDE3C2582A8C3C4DC2ED7E71623EA7D0D3CB9DF599C818347C5A91827DD9A2A27BDF4C4C0E6D23AE3DEEDEFC1B809ECB9916F7D924B809E901527B4E035456DE9C1501036C4F754BD0D21F91CBFA8BDCB0F6F4E8C429F18B283984BCD4C3C85486C12D686E3F7EDED9C2B2CF7F4FD16A060734B917D5DF14E4
5305B3F177F2F6B0662C29DC245ACE3EB43EF983063DA0345152F3E924710D82356713BBCD86655856E497B3669D516CFF931BED57974E96398A736130F8E93918C272A14DE28087E6257BFB82CAD7059784D0D6CFBAC2B3A91DA41BBFDC363AAF84C59D8F55B88BFFF876E4FEF7947C1772121963CDB13354A2A7FB1793BEB4
3A900F2E9058605952A0925935223B6D0BEA2350E3243A3FD77928A032D61C60C64EB052EC8F9A148B2B311439A960BEF4908CF8266025A5F1ADA4EF12E7F9FE2E3422138574A0860D26D228FF137E80E717AFCB22C3AF8A1EC7BC4A6914C8367D82F9B9688DFD3D62ED40C5EF3093E582D827FEFC89B1BBAA8963C8BD9AF1AA
ABB5734F3CF1B6D6684A3FD6633D0D611F4F148AA08283D7C2A6C94E5B790E65E2FBF502E21C35C3F8C129EE395E1FF50671ADBC5E6C9E6C8D7DC5B37EFC83BBA0DEA53E50F88D9159AD7AEF06105D3DFFDC5A36F2F3402532003324F8F9822067858480EF1A80825BFDB85A2C99FD88BF43C32368BA2069719202C6390D3BF
261CAAF5420A1166BC6A682735B7789CAAAAB4D07B7135EF668649D7619323B67D69B31F92BE7742CC843339ED454F123C2999A6B7FCBB96D57BDDF2559EE801F22160B21CE2157A2D2F05C9F5D0334829567A19B8745010214407C5EF4C3D683B09D57AA6FEB9A2BEDA2AE10A3AAF8E52CCB39629E7C88D1C801139312FDCDC
249DBF8716D5FE3CE78287416B71C776B876ACC25411A645AC7B06EFA9E89DA1A1360191611EC2FB81993CF823933467F58532CFA68B15513E51B63364E08F46A4C61B755B93F8A628A1D057495A96BF1A88DF03865593F221CE9DC9AF56534E4CC01BF72D47A6BE78EF400D4836B33A722C6B6F7B0B623312E061A8C03A19D
1086DC1B6576D43DD4EB5894CBC42EEF19E629E2E6C035A48A80D5B853211F97598E8956F34A11F4555FD4D4277A46F7BB29D5CA01A9D7C80BB2DCC13A0851003D5FC7C9D3AF367EF5863238CACB4EAFFA2F8A8515F155F80CD63E9DD954B0F99A2829A062D602C60F94E2ABB218D393F024DEE5FAFB108CCE523FE01E5F9E3C
2F9F1F6BD967A0EAE76CD94939C69F290D0AC2FA3A1E3A7DEA391CD68330F472E71D1DC8A67FEACE453727B91208B9A95400147F30D730868E90A0047B357E2E68C99FE2AE0723062CE1AD2E6E246DA5DB18B0A5671BBCF4DF8CD2B2FD22099087459CC720C6BBFF495CBCC72E86556AF584F09CEE2E86FA59920C35904569C8
478AFDF57A1DCE591ED67F66069B6490A84C7CEB3E8D1E2760EDCC38004565969541663957FF0900590EE810725C86A95787AE2D9C1944CD223247E50097786540E06DC4067D4E8A2645B6B249C1A2BA186D72F038C60C49B4CF04B49A027F0FDEB8A5C4045470D1718C6CBC88A6F65DD61697DCC7FD0CB633E41C502D2426C8
70B10619C5DA06E269CE49B646C360BD3CB756981C2C38310E6F0C0A4E3E8A6C59F05F31E1441F898F1F5522956D15A058C43BA3ED2877F68CF053F4D7A6C124A02C44409EE8FB5DBD29FCB36A66FAFD38AEE4AE031F0153D6E00D301BD15FBB0AE90130CF3D05F8DB73C1078DE1103FDE249512178E860A55E0B579FFA72EB
8251FE4B08460176DDB9964725CBE1078F518A110D679130896644AE53DC38E95A600CEF972ACCDB1639037E079DC688556E0567EFF62B4119E0EA70B7521C1A9DA73BCE7B64150A443823768C7805AA4B28802A439910A247B05068A96B3F372A9E0EC2217A08CDEB9094181E2505BBCF7579325A7004A5A43FAE402862B717
4C0F53FCF937DFABCEC7E3E969F21B6EC365FA54232169D5BF7847DBC3F01B065D4C4486A8D0D43B2F58CF0BC2C9C8E345F8495442027FAF492A1309DBAFF92B7B9EE9489A52E20E3E5E1F776FE0EE43F8F3BC6B7FE475EB121BFA888836D52EC199085B824A26D4FDF20F7BDCF86280619A0DAB0FE37058CF1DEB777D37CD1B
A23C6930C9799F2911D3DBC6518902A00BEC569336384D6FD05F529AD62410875342B3E6510D49C69B8FE700EBCDCE02945AB7E4EFA8EBDA2DFE6E2674B8A5B9CAFBE3E38A834520A6855727D7929856E54929518852EA06B14DF6B98F93D8B0DE30DA424D65FC00F10F527E57F2995DEE03891E9DA9C6475187CFECA2218A2
80BCDDE9D61D613888358E3553F30F720ECCC3BD4B4F4F1A1B113F3FE979FD0F01E01F1EF5E43B2FD5389138DFE69B965B64DDFE51061BD4483199B148CB15E76837FB7D37C6C5560DBC790333A1E3E4ADB2B9DFC70595C9365E976DA9EFEF8EBE6A6E5F0E767B0AB3D7D5D7D395A9A3804D4BB6A82FFC4EF8DDD6240D6BCBB6
15C50B4944F0D643D47816BB43F194BA4E17940BEF0655CE1A717BB1E25F4615795D410997D524DA2D592823486EF2271EC0E6895989CAC90B23D6C316A7F0A4143763BFDC6D1AA129256F2390271E80DADAEBC27A890753C81FADB44170B844B11AF26771638A18BB1407C0819B720DB08A69BF52B4FD23AFECECF3A6A3DA19
15B3333D1CD55383E94A0DCA219F3BC2D467B508C2B7AD84A18DA82CB263F26964A9239BC7FEAA908A5A2626CFDEF22A650AEF58B500D5102974BFFF6D5CE20CC9B60E2CCEC09B99F4AF872001ED5E556C1A57E6DF5F18C35C57D41B6A5EAFCD1465401BC30F5BB418A0E9BEF75B73CB9165ED4A3DCE489D1B630408DF643711
89D365D796CAF625F65F92C1F0A435634FE623C203BD319DE41453BEB3A2E578B01877B55F23C4F794FE08BEBD5B59EBD6C03BE711CB98D4F7BAA8A5BA6BB7889F52D42AECEBBE1BB621CB0C3838BD5E422C0AF166C091B00A7EBDB313372A4136CF29B3635BFED6474E008FD39A202638885AD27B14BA230E2E0E3005B68C4B
12A1092277FF2D63C42D7CAD57F17419EB565CE86200B5FCC201F6802A3FFBE12E9AFE1CA5903CB90EEDC72364D2701D78C8DD89688DD691BA92FBC323B592BAEC561F762A5630773729FBD66FB9068AD7A777005B264A9E1F776F757203493F16521C17E9CEB3C0C05AC61E7E22B3FEC7E5B40D6ACA751E3AC6880BB9963EA0
